#
# A fatal error has been detected by the Java Runtime Environment:
#
#  EXCEPTION_ACCESS_VIOLATION (0xc0000005) at pc=0x0000000077efa952, pid=2368, tid=2560
#
# JRE version: 7.0_13-b20
# Java VM: Java HotSpot(TM) 64-Bit Server VM (23.7-b01 mixed mode windows-amd64 compressed oops)
# Problematic frame:
# C  [ntdll.dll+0x3a952]  RtlQueryInformationActivationContext+0x262
#
# Failed to write core dump. Minidumps are not enabled by default on client versions of Windows
#
# If you would like to submit a bug report, please visit:
#   http://bugreport.sun.com/bugreport/crash.jsp
#

---------------  T H R E A D  ---------------

Current thread (0x0000000006fec000):  JavaThread "C2 CompilerThread0" daemon [_thread_in_native, id=2560, stack(0x0000000007dd0000,0x0000000007ed0000)]

siginfo: ExceptionCode=0xc0000005, reading address 0x0000000000000000

Registers:
RAX=0x0000000000000000, RBX=0x0000000008f7c980, RCX=0x0000000000001200, RDX=0x0000000008f8e990
RSP=0x0000000007ecbed0, RBP=0x0000000001cb0000, RSI=0x0000000000000000, RDI=0x0000000008f8e980
R8 =0x0000000006db0070, R9 =0x000000000000047f, R10=0x0000000000000080, R11=0x0000000000000900
R12=0x0000000000000000, R13=0x0000000007ecbf50, R14=0x0000000000000000, R15=0x0000000000000001
RIP=0x0000000077efa952, EFLAGS=0x0000000000010246

Top of Stack: (sp=0x0000000007ecbed0)
0x0000000007ecbed0:   0000000000000098 0000000000000000
0x0000000007ecbee0:   0000000008f85980 0000000008f7c980
0x0000000007ecbef0:   0000000000000000 0000000008f85990
0x0000000007ecbf00:   0000000000000000 0000000001cc0080
0x0000000007ecbf10:   0000000000000001 0000000077ef5a40
0x0000000007ecbf20:   0000000008f85980 0000000007ecc1d0
0x0000000007ecbf30:   0000000000000000 0000000001cb0000
0x0000000007ecbf40:   0000000008af0101 000000006f21ff82
0x0000000007ecbf50:   0000000000001200 000000006f21dfad
0x0000000007ecbf60:   0000000008f85980 000000006f21faad
0x0000000007ecbf70:   0000000000000020 0000000008a99520
0x0000000007ecbf80:   0000000000000002 0000000000000002
0x0000000007ecbf90:   0000000000000000 0000000000009000
0x0000000007ecbfa0:   0000000008f8598d 000000006f2204d8
0x0000000007ecbfb0:   0000000000000000 0000000008f85988
0x0000000007ecbfc0:   0000000008af5fa8 0000000088ca6bff 

Instructions: (pc=0x0000000077efa952)
0x0000000077efa932:   2c 04 00 0f b6 47 0d 24 10 a8 10 88 43 0d 0f 85
0x0000000077efa942:   81 00 00 00 4c 8b 67 18 48 8b 77 10 48 8d 57 10
0x0000000077efa952:   49 8b 04 24 48 3b 46 08 0f 85 25 2e 04 00 48 3b
0x0000000077efa962:   c2 0f 85 1c 2e 04 00 48 8b d7 48 8b cd e8 9c 9e 


Register to memory mapping:

RAX=0x0000000000000000 is an unknown value
RBX=0x0000000008f7c980 is an unknown value
RCX=0x0000000000001200 is an unknown value
RDX=0x0000000008f8e990 is an unknown value
RSP=0x0000000007ecbed0 is pointing into the stack for thread: 0x0000000006fec000
RBP=0x0000000001cb0000 is an unknown value
RSI=0x0000000000000000 is an unknown value
RDI=0x0000000008f8e980 is an unknown value
R8 =0x0000000006db0070 is an unknown value
R9 =0x000000000000047f is an unknown value
R10=0x0000000000000080 is an unknown value
R11=0x0000000000000900 is an unknown value
R12=0x0000000000000000 is an unknown value
R13=0x0000000007ecbf50 is pointing into the stack for thread: 0x0000000006fec000
R14=0x0000000000000000 is an unknown value
R15=0x0000000000000001 is an unknown value


Stack: [0x0000000007dd0000,0x0000000007ed0000],  sp=0x0000000007ecbed0,  free space=1007k
Native frames: (J=compiled Java code, j=interpreted, Vv=VM code, C=native code)
C  [ntdll.dll+0x3a952]  RtlQueryInformationActivationContext+0x262


Current CompileTask:
C2:   4286    7 % !         java.net.URL::<init> @ 147 (543 bytes)


---------------  P R O C E S S  ---------------

Java Threads: ( => current thread )
  0x0000000008923000 JavaThread "pool-1-thread-1" [_thread_blocked, id=2644, stack(0x0000000009f50000,0x000000000a050000)]
  0x0000000008787800 JavaThread "Abandoned connection cleanup thread" daemon [_thread_blocked, id=1548, stack(0x0000000009dd0000,0x0000000009ed0000)]
  0x0000000006ff1800 JavaThread "Service Thread" daemon [_thread_blocked, id=2232, stack(0x0000000007fd0000,0x00000000080d0000)]
  0x0000000006fed800 JavaThread "C2 CompilerThread1" daemon [_thread_blocked, id=2544, stack(0x0000000007ed0000,0x0000000007fd0000)]
=>0x0000000006fec000 JavaThread "C2 CompilerThread0" daemon [_thread_in_native, id=2560, stack(0x0000000007dd0000,0x0000000007ed0000)]
  0x0000000006feb000 JavaThread "Attach Listener" daemon [_thread_blocked, id=2432, stack(0x0000000007cd0000,0x0000000007dd0000)]
  0x0000000006fea800 JavaThread "Signal Dispatcher" daemon [_thread_blocked, id=3016, stack(0x0000000007bd0000,0x0000000007cd0000)]
  0x0000000006f3c000 JavaThread "Finalizer" daemon [_thread_blocked, id=2556, stack(0x0000000007ad0000,0x0000000007bd0000)]
  0x0000000006f3b000 JavaThread "Reference Handler" daemon [_thread_blocked, id=2552, stack(0x00000000079d0000,0x0000000007ad0000)]
  0x0000000001cfe800 JavaThread "main" [_thread_in_native, id=972, stack(0x0000000001f50000,0x0000000002050000)]

Other Threads:
  0x0000000001dbd000 VMThread [stack: 0x00000000078d0000,0x00000000079d0000] [id=2312]
  0x000000000701a000 WatcherThread [stack: 0x00000000080d0000,0x00000000081d0000] [id=2616]

VM state:not at safepoint (normal execution)

VM Mutex/Monitor currently owned by a thread: None

Heap
 PSYoungGen      total 34112K, used 16943K [0x00000000f5560000, 0x00000000fa0c0000, 0x0000000100000000)
  eden space 32768K, 47% used [0x00000000f5560000,0x00000000f64a26a0,0x00000000f7560000)
  from space 1344K, 98% used [0x00000000f7560000,0x00000000f76a9838,0x00000000f76b0000)
  to   space 5824K, 0% used [0x00000000f9b10000,0x00000000f9b10000,0x00000000fa0c0000)
 ParOldGen       total 21888K, used 7265K [0x00000000e0000000, 0x00000000e1560000, 0x00000000f5560000)
  object space 21888K, 33% used [0x00000000e0000000,0x00000000e0718648,0x00000000e1560000)
 PSPermGen       total 21248K, used 18943K [0x00000000dae00000, 0x00000000dc2c0000, 0x00000000e0000000)
  object space 21248K, 89% used [0x00000000dae00000,0x00000000dc07fe68,0x00000000dc2c0000)

Card table byte_map: [0x0000000005140000,0x0000000005270000] byte_map_base: 0x0000000004a69000

Polling page: 0x0000000002050000

Code Cache  [0x0000000002080000, 0x00000000022f0000, 0x0000000005080000)
 total_blobs=531 nmethods=173 adapters=308 free_code_cache=48228Kb largest_free_block=49357888

Compilation events (10 events):
Event: 3.723 Thread 0x0000000006fed800 nmethod 164 0x0000000002168150 code [0x00000000021682c0, 0x00000000021687b8]
Event: 3.809 Thread 0x0000000006fec000  165             java.lang.String::lastIndexOf (13 bytes)
Event: 3.811 Thread 0x0000000006fec000 nmethod 165 0x0000000002167d50 code [0x0000000002167ea0, 0x0000000002168048]
Event: 3.883 Thread 0x0000000006fed800  166             java.net.URL::getPath (5 bytes)
Event: 3.883 Thread 0x0000000006fed800 nmethod 166 0x0000000002167950 code [0x0000000002167a80, 0x0000000002167ad8]
Event: 3.885 Thread 0x0000000006fec000  167             java.net.URL::getAuthority (5 bytes)
Event: 3.886 Thread 0x0000000006fec000 nmethod 167 0x0000000002167750 code [0x0000000002167880, 0x00000000021678d8]
Event: 3.894 Thread 0x0000000006fec000    7 % !         java.net.URL::<init> @ 147 (543 bytes)
Event: 3.940 Thread 0x0000000006fed800  168             java.net.URL::getRef (5 bytes)
Event: 3.941 Thread 0x0000000006fed800 nmethod 168 0x0000000002167550 code [0x0000000002167680, 0x00000000021676d8]

GC Heap History (10 events):
Event: 0.493 GC heap before
{Heap before GC invocations=1 (full 0):
 PSYoungGen      total 9536K, used 8177K [0x00000000f5560000, 0x00000000f6000000, 0x0000000100000000)
  eden space 8192K, 99% used [0x00000000f5560000,0x00000000f5d5c418,0x00000000f5d60000)
  from space 1344K, 0% used [0x00000000f5eb0000,0x00000000f5eb0000,0x00000000f6000000)
  to   space 1344K, 0% used [0x00000000f5d60000,0x00000000f5d60000,0x00000000f5eb0000)
 ParOldGen       total 21888K, used 0K [0x00000000e0000000, 0x00000000e1560000, 0x00000000f5560000)
  object space 21888K, 0% used [0x00000000e0000000,0x00000000e0000000,0x00000000e1560000)
 PSPermGen       total 21248K, used 4338K [0x00000000dae00000, 0x00000000dc2c0000, 0x00000000e0000000)
  object space 21248K, 20% used [0x00000000dae00000,0x00000000db23ca28,0x00000000dc2c0000)
Event: 0.498 GC heap after
Heap after GC invocations=1 (full 0):
 PSYoungGen      total 9536K, used 1343K [0x00000000f5560000, 0x00000000f6800000, 0x0000000100000000)
  eden space 8192K, 0% used [0x00000000f5560000,0x00000000f5560000,0x00000000f5d60000)
  from space 1344K, 99% used [0x00000000f5d60000,0x00000000f5eafd80,0x00000000f5eb0000)
  to   space 1344K, 0% used [0x00000000f66b0000,0x00000000f66b0000,0x00000000f6800000)
 ParOldGen       total 21888K, used 139K [0x00000000e0000000, 0x00000000e1560000, 0x00000000f5560000)
  object space 21888K, 0% used [0x00000000e0000000,0x00000000e0022ff0,0x00000000e1560000)
 PSPermGen       total 21248K, used 4338K [0x00000000dae00000, 0x00000000dc2c0000, 0x00000000e0000000)
  object space 21248K, 20% used [0x00000000dae00000,0x00000000db23ca28,0x00000000dc2c0000)
}
Event: 0.501 GC heap before
{Heap before GC invocations=2 (full 0):
 PSYoungGen      total 9536K, used 9535K [0x00000000f5560000, 0x00000000f6800000, 0x0000000100000000)
  eden space 8192K, 100% used [0x00000000f5560000,0x00000000f5d60000,0x00000000f5d60000)
  from space 1344K, 99% used [0x00000000f5d60000,0x00000000f5eafd80,0x00000000f5eb0000)
  to   space 1344K, 0% used [0x00000000f66b0000,0x00000000f66b0000,0x00000000f6800000)
 ParOldGen       total 21888K, used 139K [0x00000000e0000000, 0x00000000e1560000, 0x00000000f5560000)
  object space 21888K, 0% used [0x00000000e0000000,0x00000000e0022ff0,0x00000000e1560000)
 PSPermGen       total 21248K, used 4338K [0x00000000dae00000, 0x00000000dc2c0000, 0x00000000e0000000)
  object space 21248K, 20% used [0x00000000dae00000,0x00000000db23ca28,0x00000000dc2c0000)
Event: 0.505 GC heap after
Heap after GC invocations=2 (full 0):
 PSYoungGen      total 17728K, used 884K [0x00000000f5560000, 0x00000000f6800000, 0x0000000100000000)
  eden space 16384K, 0% used [0x00000000f5560000,0x00000000f5560000,0x00000000f6560000)
  from space 1344K, 65% used [0x00000000f66b0000,0x00000000f678d390,0x00000000f6800000)
  to   space 1344K, 0% used [0x00000000f6560000,0x00000000f6560000,0x00000000f66b0000)
 ParOldGen       total 21888K, used 139K [0x00000000e0000000, 0x00000000e1560000, 0x00000000f5560000)
  object space 21888K, 0% used [0x00000000e0000000,0x00000000e0022ff0,0x00000000e1560000)
 PSPermGen       total 21248K, used 4338K [0x00000000dae00000, 0x00000000dc2c0000, 0x00000000e0000000)
  object space 21248K, 20% used [0x00000000dae00000,0x00000000db23ca28,0x00000000dc2c0000)
}
Event: 0.990 GC heap before
{Heap before GC invocations=3 (full 0):
 PSYoungGen      total 17728K, used 17268K [0x00000000f5560000, 0x00000000f6800000, 0x0000000100000000)
  eden space 16384K, 100% used [0x00000000f5560000,0x00000000f6560000,0x00000000f6560000)
  from space 1344K, 65% used [0x00000000f66b0000,0x00000000f678d390,0x00000000f6800000)
  to   space 1344K, 0% used [0x00000000f6560000,0x00000000f6560000,0x00000000f66b0000)
 ParOldGen       total 21888K, used 139K [0x00000000e0000000, 0x00000000e1560000, 0x00000000f5560000)
  object space 21888K, 0% used [0x00000000e0000000,0x00000000e0022ff0,0x00000000e1560000)
 PSPermGen       total 21248K, used 9648K [0x00000000dae00000, 0x00000000dc2c0000, 0x00000000e0000000)
  object space 21248K, 45% used [0x00000000dae00000,0x00000000db76c120,0x00000000dc2c0000)
Event: 1.005 GC heap after
Heap after GC invocations=3 (full 0):
 PSYoungGen      total 17728K, used 1333K [0x00000000f5560000, 0x00000000f7800000, 0x0000000100000000)
  eden space 16384K, 0% used [0x00000000f5560000,0x00000000f5560000,0x00000000f6560000)
  from space 1344K, 99% used [0x00000000f6560000,0x00000000f66ad7e8,0x00000000f66b0000)
  to   space 1344K, 0% used [0x00000000f76b0000,0x00000000f76b0000,0x00000000f7800000)
 ParOldGen       total 21888K, used 1480K [0x00000000e0000000, 0x00000000e1560000, 0x00000000f5560000)
  object space 21888K, 6% used [0x00000000e0000000,0x00000000e0172360,0x00000000e1560000)
 PSPermGen       total 21248K, used 9648K [0x00000000dae00000, 0x00000000dc2c0000, 0x00000000e0000000)
  object space 21248K, 45% used [0x00000000dae00000,0x00000000db76c120,0x00000000dc2c0000)
}
Event: 2.205 GC heap before
{Heap before GC invocations=4 (full 0):
 PSYoungGen      total 17728K, used 17717K [0x00000000f5560000, 0x00000000f7800000, 0x0000000100000000)
  eden space 16384K, 100% used [0x00000000f5560000,0x00000000f6560000,0x00000000f6560000)
  from space 1344K, 99% used [0x00000000f6560000,0x00000000f66ad7e8,0x00000000f66b0000)
  to   space 1344K, 0% used [0x00000000f76b0000,0x00000000f76b0000,0x00000000f7800000)
 ParOldGen       total 21888K, used 1480K [0x00000000e0000000, 0x00000000e1560000, 0x00000000f5560000)
  object space 21888K, 6% used [0x00000000e0000000,0x00000000e0172360,0x00000000e1560000)
 PSPermGen       total 21248K, used 11025K [0x00000000dae00000, 0x00000000dc2c0000, 0x00000000e0000000)
  object space 21248K, 51% used [0x00000000dae00000,0x00000000db8c4520,0x00000000dc2c0000)
Event: 2.218 GC heap after
Heap after GC invocations=4 (full 0):
 PSYoungGen      total 34112K, used 1333K [0x00000000f5560000, 0x00000000f7800000, 0x0000000100000000)
  eden space 32768K, 0% used [0x00000000f5560000,0x00000000f5560000,0x00000000f7560000)
  from space 1344K, 99% used [0x00000000f76b0000,0x00000000f77fd7e8,0x00000000f7800000)
  to   space 1344K, 0% used [0x00000000f7560000,0x00000000f7560000,0x00000000f76b0000)
 ParOldGen       total 21888K, used 2572K [0x00000000e0000000, 0x00000000e1560000, 0x00000000f5560000)
  object space 21888K, 11% used [0x00000000e0000000,0x00000000e02831f8,0x00000000e1560000)
 PSPermGen       total 21248K, used 11025K [0x00000000dae00000, 0x00000000dc2c0000, 0x00000000e0000000)
  object space 21248K, 51% used [0x00000000dae00000,0x00000000db8c4520,0x00000000dc2c0000)
}
Event: 3.558 GC heap before
{Heap before GC invocations=5 (full 0):
 PSYoungGen      total 34112K, used 34101K [0x00000000f5560000, 0x00000000f7800000, 0x0000000100000000)
  eden space 32768K, 100% used [0x00000000f5560000,0x00000000f7560000,0x00000000f7560000)
  from space 1344K, 99% used [0x00000000f76b0000,0x00000000f77fd7e8,0x00000000f7800000)
  to   space 1344K, 0% used [0x00000000f7560000,0x00000000f7560000,0x00000000f76b0000)
 ParOldGen       total 21888K, used 2572K [0x00000000e0000000, 0x00000000e1560000, 0x00000000f5560000)
  object space 21888K, 11% used [0x00000000e0000000,0x00000000e02831f8,0x00000000e1560000)
 PSPermGen       total 21248K, used 17327K [0x00000000dae00000, 0x00000000dc2c0000, 0x00000000e0000000)
  object space 21248K, 81% used [0x00000000dae00000,0x00000000dbeebef8,0x00000000dc2c0000)
Event: 3.572 GC heap after
Heap after GC invocations=5 (full 0):
 PSYoungGen      total 34112K, used 1318K [0x00000000f5560000, 0x00000000fa0c0000, 0x0000000100000000)
  eden space 32768K, 0% used [0x00000000f5560000,0x00000000f5560000,0x00000000f7560000)
  from space 1344K, 98% used [0x00000000f7560000,0x00000000f76a9838,0x00000000f76b0000)
  to   space 5824K, 0% used [0x00000000f9b10000,0x00000000f9b10000,0x00000000fa0c0000)
 ParOldGen       total 21888K, used 7265K [0x00000000e0000000, 0x00000000e1560000, 0x00000000f5560000)
  object space 21888K, 33% used [0x00000000e0000000,0x00000000e0718648,0x00000000e1560000)
 PSPermGen       total 21248K, used 17327K [0x00000000dae00000, 0x00000000dc2c0000, 0x00000000e0000000)
  object space 21248K, 81% used [0x00000000dae00000,0x00000000dbeebef8,0x00000000dc2c0000)
}

Deoptimization events (10 events):
Event: 2.804 Thread 0x0000000001cfe800 Uncommon trap -34 fr.pc 0x0000000002131438
Event: 2.842 Thread 0x0000000001cfe800 Uncommon trap -34 fr.pc 0x0000000002131438
Event: 3.412 Thread 0x0000000001cfe800 Uncommon trap -34 fr.pc 0x00000000020f6218
Event: 3.431 Thread 0x0000000001cfe800 Uncommon trap -34 fr.pc 0x00000000020f6218
Event: 3.437 Thread 0x0000000001cfe800 Uncommon trap -34 fr.pc 0x00000000020f6218
Event: 3.472 Thread 0x0000000001cfe800 Uncommon trap -34 fr.pc 0x00000000020f6218
Event: 3.499 Thread 0x0000000001cfe800 Uncommon trap -58 fr.pc 0x00000000021512a0
Event: 3.499 Thread 0x0000000001cfe800 Uncommon trap -58 fr.pc 0x00000000021512a0
Event: 3.517 Thread 0x0000000001cfe800 Uncommon trap -58 fr.pc 0x00000000021512a0
Event: 3.517 Thread 0x0000000001cfe800 Uncommon trap -58 fr.pc 0x00000000021512a0

Internal exceptions (10 events):
Event: 3.906 Thread 0x0000000001cfe800 Threw 0x00000000f63bd310 at C:\jdk7u2_64p\jdk7u13\hotspot\src\share\vm\prims\jvm.cpp:1166
Event: 3.907 Thread 0x0000000001cfe800 Threw 0x00000000f63c81c8 at C:\jdk7u2_64p\jdk7u13\hotspot\src\share\vm\prims\jvm.cpp:1166
Event: 3.907 Thread 0x0000000001cfe800 Threw 0x00000000f63d3ae8 at C:\jdk7u2_64p\jdk7u13\hotspot\src\share\vm\prims\jvm.cpp:1166
Event: 3.908 Thread 0x0000000001cfe800 Threw 0x00000000f63df6b0 at C:\jdk7u2_64p\jdk7u13\hotspot\src\share\vm\prims\jvm.cpp:1166
Event: 3.909 Thread 0x0000000001cfe800 Threw 0x00000000f63ea8b8 at C:\jdk7u2_64p\jdk7u13\hotspot\src\share\vm\prims\jvm.cpp:1166
Event: 3.910 Thread 0x0000000001cfe800 Threw 0x00000000f63f5ac8 at C:\jdk7u2_64p\jdk7u13\hotspot\src\share\vm\prims\jvm.cpp:1166
Event: 3.940 Thread 0x0000000001cfe800 Threw 0x00000000f6401188 at C:\jdk7u2_64p\jdk7u13\hotspot\src\share\vm\prims\jvm.cpp:1166
Event: 3.941 Thread 0x0000000001cfe800 Threw 0x00000000f640c838 at C:\jdk7u2_64p\jdk7u13\hotspot\src\share\vm\prims\jvm.cpp:1166
Event: 3.942 Thread 0x0000000001cfe800 Threw 0x00000000f6417a30 at C:\jdk7u2_64p\jdk7u13\hotspot\src\share\vm\prims\jvm.cpp:1166
Event: 3.943 Thread 0x0000000001cfe800 Threw 0x00000000f6422cf0 at C:\jdk7u2_64p\jdk7u13\hotspot\src\share\vm\prims\jvm.cpp:1166

Events (10 events):
Event: 3.910 loading class 0x0000000008ef0d40
Event: 3.910 loading class 0x0000000008ef0d40 done
Event: 3.940 loading class 0x0000000008ef0db0
Event: 3.940 loading class 0x0000000008ef0db0 done
Event: 3.941 loading class 0x0000000008ef0e20
Event: 3.941 loading class 0x0000000008ef0e20 done
Event: 3.942 loading class 0x0000000008ef0e90
Event: 3.942 loading class 0x0000000008ef0e90 done
Event: 3.943 loading class 0x0000000008f1ca20
Event: 3.943 loading class 0x0000000008f1ca20 done


Dynamic libraries:
0x0000000140000000 - 0x0000000140033000 	C:\Program Files\Java\jdk1.7.0_13\bin\javaw.exe
0x0000000077ec0000 - 0x0000000077ffc000 	C:\WINDOWS\system32\ntdll.dll
0x0000000077d40000 - 0x0000000077eb6000 	C:\WINDOWS\system32\kernel32.dll
0x000007ff7fee0000 - 0x000007ff7ffe6000 	C:\WINDOWS\system32\ADVAPI32.dll
0x000007ff7fd30000 - 0x000007ff7fed5000 	C:\WINDOWS\system32\RPCRT4.dll
0x000007ff7e9c0000 - 0x000007ff7e9e2000 	C:\WINDOWS\system32\Secur32.dll
0x0000000077c20000 - 0x0000000077d2c000 	C:\WINDOWS\system32\USER32.dll
0x000007ff7fc90000 - 0x000007ff7fd2c000 	C:\WINDOWS\system32\GDI32.dll
0x000007ff7f000000 - 0x000007ff7f187000 	C:\WINDOWS\WinSxS\AMD64_Microsoft.Windows.Common-Controls_6595b64144ccf1df_6.0.3790.5190_x-ww_639C4A9E\COMCTL32.dll
0x000007ff7fc00000 - 0x000007ff7fc86000 	C:\WINDOWS\system32\msvcrt.dll
0x000007ff7ef60000 - 0x000007ff7effb000 	C:\WINDOWS\system32\SHLWAPI.dll
0x000007ff7d500000 - 0x000007ff7d539000 	C:\WINDOWS\system32\IMM32.DLL
0x0000000079730000 - 0x0000000079801000 	C:\Program Files\Java\jdk1.7.0_13\jre\bin\msvcr100.dll
0x000000006ee30000 - 0x000000006f54f000 	C:\Program Files\Java\jdk1.7.0_13\jre\bin\server\jvm.dll
0x000007ff770f0000 - 0x000007ff770fa000 	C:\WINDOWS\system32\WSOCK32.dll
0x000007ff77310000 - 0x000007ff77340000 	C:\WINDOWS\system32\WS2_32.dll
0x000007ff77140000 - 0x000007ff7714c000 	C:\WINDOWS\system32\WS2HELP.dll
0x000007ff7e240000 - 0x000007ff7e290000 	C:\WINDOWS\system32\WINMM.dll
0x000007ff7e380000 - 0x000007ff7e390000 	C:\WINDOWS\system32\PSAPI.DLL
0x000000006eb60000 - 0x000000006eb6f000 	C:\Program Files\Java\jdk1.7.0_13\jre\bin\verify.dll
0x000000006d650000 - 0x000000006d678000 	C:\Program Files\Java\jdk1.7.0_13\jre\bin\java.dll
0x000000006ebd0000 - 0x000000006ebe5000 	C:\Program Files\Java\jdk1.7.0_13\jre\bin\zip.dll
0x000000006e960000 - 0x000000006e979000 	C:\Program Files\Java\jdk1.7.0_13\jre\bin\net.dll
0x000000006e980000 - 0x000000006e991000 	C:\Program Files\Java\jdk1.7.0_13\jre\bin\nio.dll
0x000007ff771b0000 - 0x000007ff7722d000 	C:\WINDOWS\System32\mswsock.dll
0x000007ff7e8f0000 - 0x000007ff7e93f000 	C:\WINDOWS\system32\DNSAPI.dll
0x000007ff7e9f0000 - 0x000007ff7e9fb000 	C:\WINDOWS\System32\winrnr.dll
0x000007ff7e950000 - 0x000007ff7e9b6000 	C:\WINDOWS\system32\WLDAP32.dll
0x000007ff7ea00000 - 0x000007ff7ea07000 	C:\WINDOWS\system32\rasadhlp.dll
0x000007ff6d200000 - 0x000007ff6d293000 	C:\WINDOWS\system32\hnetcfg.dll
0x000007ff77170000 - 0x000007ff7717b000 	C:\WINDOWS\System32\wshtcpip.dll
0x000007ff724e0000 - 0x000007ff7261e000 	C:\WINDOWS\system32\dbghelp.dll
0x000007ff7fbf0000 - 0x000007ff7fbfb000 	C:\WINDOWS\system32\VERSION.dll

VM Arguments:
jvm_args: -Dfile.encoding=ISO-8859-1 
java_command: utilities.PopulateDatabase
Launcher Type: SUN_STANDARD

Environment Variables:
JAVA_HOME=C:\Program Files\Java\jdk1.7.0_13
PATH=c:/program files/java/jdk1.7.0_13/bin/../jre/bin/server;c:/program files/java/jdk1.7.0_13/bin/../jre/bin;c:/program files/java/jdk1.7.0_13/bin/../jre/lib/amd64;C:\WINDOWS\system32;C:\WINDOWS;C:\WINDOWS\System32\Wbem;c:\program files\java\jdk1.7.0_13\bin;C:\WINDOWS\system32;C:\WINDOWS;C:\WINDOWS\System32\Wbem;c:\program files\java\jdk1.7.0_13\bin;C:\Program Files\Apache Software Foundation\apache-maven-3.1.0\bin;C:\Program Files\Eclipse Indigo EE SR2;
USERNAME=Student
OS=Windows_NT
PROCESSOR_IDENTIFIER=EM64T Family 6 Model 61 Stepping 4, GenuineIntel



---------------  S Y S T E M  ---------------

OS: Windows XP x64 Edition Build 3790 Service Pack 2

CPU:total 2 (2 cores per cpu, 1 threads per core) family 6 model 61 stepping 4, cmov, cx8, fxsr, mmx, sse, sse2, sse3, ssse3, tsc

Memory: 4k page, physical 2096536k(956728k free), swap 4059476k(2750740k free)

vm_info: Java HotSpot(TM) 64-Bit Server VM (23.7-b01) for windows-amd64 JRE (1.7.0_13-b20), built on Jan 30 2013 10:10:00 by "java_re" with unknown MS VC++:1600

time: Sat Jan 12 12:05:05 2019
elapsed time: 4 seconds

